d:\github\thermalpcarchaeologicalanalysis\thermalvoxelization\x64\release\thermalvoxelization.pch
d:\github\thermalpcarchaeologicalanalysis\thermalvoxelization\x64\release\vc142.pdb
d:\github\thermalpcarchaeologicalanalysis\thermalvoxelization\x64\release\stdafx.obj
d:\github\thermalpcarchaeologicalanalysis\thermalvoxelization\x64\release\imguizmo.obj
d:\github\thermalpcarchaeologicalanalysis\thermalvoxelization\x64\release\imgui_impl_opengl3.obj
d:\github\thermalpcarchaeologicalanalysis\thermalvoxelization\x64\release\imgradient.obj
d:\github\thermalpcarchaeologicalanalysis\thermalvoxelization\x64\release\lodepng.obj
d:\github\thermalpcarchaeologicalanalysis\thermalvoxelization\x64\release\imcurveedit.obj
d:\github\thermalpcarchaeologicalanalysis\thermalvoxelization\x64\release\imgui_impl_glfw.obj
d:\github\thermalpcarchaeologicalanalysis\thermalvoxelization\x64\release\imgui_demo.obj
d:\github\thermalpcarchaeologicalanalysis\thermalvoxelization\x64\release\imgui.obj
d:\github\thermalpcarchaeologicalanalysis\thermalvoxelization\x64\release\imsequencer.obj
d:\github\thermalpcarchaeologicalanalysis\thermalvoxelization\x64\release\tinyply.obj
d:\github\thermalpcarchaeologicalanalysis\thermalvoxelization\x64\release\regulargrid.obj
d:\github\thermalpcarchaeologicalanalysis\thermalvoxelization\x64\release\cadscene.obj
d:\github\thermalpcarchaeologicalanalysis\thermalvoxelization\x64\release\pixarattenuation.obj
d:\github\thermalpcarchaeologicalanalysis\thermalvoxelization\x64\release\rimlight.obj
d:\github\thermalpcarchaeologicalanalysis\thermalvoxelization\x64\release\obj_loader.obj
d:\github\thermalpcarchaeologicalanalysis\thermalvoxelization\x64\release\naivefracturer.obj
d:\github\thermalpcarchaeologicalanalysis\thermalvoxelization\x64\release\interpolation.obj
d:\github\thermalpcarchaeologicalanalysis\thermalvoxelization\x64\release\aabbset.obj
d:\github\thermalpcarchaeologicalanalysis\thermalvoxelization\x64\release\computeshader.obj
d:\github\thermalpcarchaeologicalanalysis\thermalvoxelization\x64\release\drawray3d.obj
d:\github\thermalpcarchaeologicalanalysis\thermalvoxelization\x64\release\model3d.obj
d:\github\thermalpcarchaeologicalanalysis\thermalvoxelization\x64\release\texture.obj
d:\github\thermalpcarchaeologicalanalysis\thermalvoxelization\x64\release\lato.obj
d:\github\thermalpcarchaeologicalanalysis\thermalvoxelization\x64\release\gui.obj
d:\github\thermalpcarchaeologicalanalysis\thermalvoxelization\x64\release\imgui_tables.obj
d:\github\thermalpcarchaeologicalanalysis\thermalvoxelization\x64\release\vector2.obj
d:\github\thermalpcarchaeologicalanalysis\thermalvoxelization\x64\release\aabb.obj
d:\github\thermalpcarchaeologicalanalysis\thermalvoxelization\x64\release\edge3d.obj
d:\github\thermalpcarchaeologicalanalysis\thermalvoxelization\x64\release\ray3d.obj
d:\github\thermalpcarchaeologicalanalysis\thermalvoxelization\x64\release\basicattenuation.obj
d:\github\thermalpcarchaeologicalanalysis\thermalvoxelization\x64\release\directionallight.obj
d:\github\thermalpcarchaeologicalanalysis\thermalvoxelization\x64\release\image.obj
d:\github\thermalpcarchaeologicalanalysis\thermalvoxelization\x64\release\openglutilities.obj
d:\github\thermalpcarchaeologicalanalysis\thermalvoxelization\x64\release\rangedattenuation.obj
d:\github\thermalpcarchaeologicalanalysis\thermalvoxelization\x64\release\triangleset.obj
d:\github\thermalpcarchaeologicalanalysis\thermalvoxelization\x64\release\main.obj
d:\github\thermalpcarchaeologicalanalysis\thermalvoxelization\x64\release\seeder.obj
d:\github\thermalpcarchaeologicalanalysis\thermalvoxelization\x64\release\segment3d.obj
d:\github\thermalpcarchaeologicalanalysis\thermalvoxelization\x64\release\beziercurve.obj
d:\github\thermalpcarchaeologicalanalysis\thermalvoxelization\x64\release\ssaoscene.obj
d:\github\thermalpcarchaeologicalanalysis\thermalvoxelization\x64\release\drawaabb.obj
d:\github\thermalpcarchaeologicalanalysis\thermalvoxelization\x64\release\light.obj
d:\github\thermalpcarchaeologicalanalysis\thermalvoxelization\x64\release\spotlight.obj
d:\github\thermalpcarchaeologicalanalysis\thermalvoxelization\x64\release\inputmanager.obj
d:\github\thermalpcarchaeologicalanalysis\thermalvoxelization\x64\release\imgui_draw.obj
d:\github\thermalpcarchaeologicalanalysis\thermalvoxelization\x64\release\plane.obj
d:\github\thermalpcarchaeologicalanalysis\thermalvoxelization\x64\release\vector3.obj
d:\github\thermalpcarchaeologicalanalysis\thermalvoxelization\x64\release\linearinterpolation.obj
d:\github\thermalpcarchaeologicalanalysis\thermalvoxelization\x64\release\ambientlight.obj
d:\github\thermalpcarchaeologicalanalysis\thermalvoxelization\x64\release\camera.obj
d:\github\thermalpcarchaeologicalanalysis\thermalvoxelization\x64\release\fboscreenshot.obj
d:\github\thermalpcarchaeologicalanalysis\thermalvoxelization\x64\release\pointlight.obj
d:\github\thermalpcarchaeologicalanalysis\thermalvoxelization\x64\release\shadowmap.obj
d:\github\thermalpcarchaeologicalanalysis\thermalvoxelization\x64\release\octree.obj
d:\github\thermalpcarchaeologicalanalysis\thermalvoxelization\x64\release\triangle3d.obj
d:\github\thermalpcarchaeologicalanalysis\thermalvoxelization\x64\release\cameramanager.obj
d:\github\thermalpcarchaeologicalanalysis\thermalvoxelization\x64\release\materiallist.obj
d:\github\thermalpcarchaeologicalanalysis\thermalvoxelization\x64\release\texturelist.obj
d:\github\thermalpcarchaeologicalanalysis\thermalvoxelization\x64\release\cadmodel.obj
d:\github\thermalpcarchaeologicalanalysis\thermalvoxelization\x64\release\ssaofbo.obj
d:\github\thermalpcarchaeologicalanalysis\thermalvoxelization\x64\release\floodfracturer.obj
d:\github\thermalpcarchaeologicalanalysis\thermalvoxelization\x64\release\line3d.obj
d:\github\thermalpcarchaeologicalanalysis\thermalvoxelization\x64\release\trianglemesh.obj
d:\github\thermalpcarchaeologicalanalysis\thermalvoxelization\x64\release\renderer.obj
d:\github\thermalpcarchaeologicalanalysis\thermalvoxelization\x64\release\group3d.obj
d:\github\thermalpcarchaeologicalanalysis\thermalvoxelization\x64\release\renderingshader.obj
d:\github\thermalpcarchaeologicalanalysis\thermalvoxelization\x64\release\shaderlist.obj
d:\github\thermalpcarchaeologicalanalysis\thermalvoxelization\x64\release\vao.obj
d:\github\thermalpcarchaeologicalanalysis\thermalvoxelization\x64\release\histogram.obj
d:\github\thermalpcarchaeologicalanalysis\thermalvoxelization\x64\release\imgui_widgets.obj
d:\github\thermalpcarchaeologicalanalysis\thermalvoxelization\x64\release\pointcloud3d.obj
d:\github\thermalpcarchaeologicalanalysis\thermalvoxelization\x64\release\catmullrom.obj
d:\github\thermalpcarchaeologicalanalysis\thermalvoxelization\x64\release\scene.obj
d:\github\thermalpcarchaeologicalanalysis\thermalvoxelization\x64\release\fbo.obj
d:\github\thermalpcarchaeologicalanalysis\thermalvoxelization\x64\release\material.obj
d:\github\thermalpcarchaeologicalanalysis\thermalvoxelization\x64\release\orthoprojection.obj
d:\github\thermalpcarchaeologicalanalysis\thermalvoxelization\x64\release\perspprojection.obj
d:\github\thermalpcarchaeologicalanalysis\thermalvoxelization\x64\release\planarsurface.obj
d:\github\thermalpcarchaeologicalanalysis\thermalvoxelization\x64\release\shaderprogram.obj
d:\github\thermalpcarchaeologicalanalysis\thermalvoxelization\x64\release\font_awesome.obj
d:\github\thermalpcarchaeologicalanalysis\thermalvoxelization\x64\release\font_awesome_2.obj
d:\github\thermalpcarchaeologicalanalysis\thermalvoxelization\x64\release\window.obj
d:\github\thermalpcarchaeologicalanalysis\thermalvoxelization\x64\release\pointcloud.obj
d:\github\thermalpcarchaeologicalanalysis\x64\release\thermalvoxelization.exe
d:\github\thermalpcarchaeologicalanalysis\thermalvoxelization\x64\release\thermalvoxelization.iobj
d:\github\thermalpcarchaeologicalanalysis\x64\release\thermalvoxelization.pdb
d:\github\thermalpcarchaeologicalanalysis\x64\release\thermalvoxelization.lib
d:\github\thermalpcarchaeologicalanalysis\x64\release\thermalvoxelization.exp
d:\github\thermalpcarchaeologicalanalysis\x64\release\glew32.dll
d:\github\thermalpcarchaeologicalanalysis\thermalvoxelization\x64\release\meshfragments.ipdb
d:\github\thermalpcarchaeologicalanalysis\thermalvoxelization\x64\release\thermalvoxelization.ipdb
d:\github\thermalpcarchaeologicalanalysis\thermalvoxelization\x64\release\meshfragments.iobj
d:\github\thermalpcarchaeologicalanalysis\thermalvoxelization\x64\release\meshfragments.pch
d:\github\thermalpcarchaeologicalanalysis\thermalvoxelization\x64\release\thermalv.cd460397.tlog\cl.command.1.tlog
d:\github\thermalpcarchaeologicalanalysis\thermalvoxelization\x64\release\thermalv.cd460397.tlog\cl.read.1.tlog
d:\github\thermalpcarchaeologicalanalysis\thermalvoxelization\x64\release\thermalv.cd460397.tlog\cl.write.1.tlog
d:\github\thermalpcarchaeologicalanalysis\thermalvoxelization\x64\release\thermalv.cd460397.tlog\link.command.1.tlog
d:\github\thermalpcarchaeologicalanalysis\thermalvoxelization\x64\release\thermalv.cd460397.tlog\link.delete.1.tlog
d:\github\thermalpcarchaeologicalanalysis\thermalvoxelization\x64\release\thermalv.cd460397.tlog\link.read.1.tlog
d:\github\thermalpcarchaeologicalanalysis\thermalvoxelization\x64\release\thermalv.cd460397.tlog\link.write.1.tlog
d:\github\thermalpcarchaeologicalanalysis\thermalvoxelization\x64\release\thermalv.cd460397.tlog\thermalvoxelization.write.1u.tlog
