C:\Program Files (x86)\Microsoft Visual Studio\2019\Community\MSBuild\Microsoft\VC\v160\Microsoft.CppBuild.targets(519,5): warning MSB8028: El directorio intermedio (x64\Release\) contiene archivos compartidos de otro proyecto (MeshFragments.vcxproj). Esto puede dar lugar a un comportamiento incorrecto de limpieza y recompilación.
  RegularGrid.cpp
  CADScene.cpp
  Renderer.cpp
  SSAOScene.cpp
  Scene.cpp
  FBOScreenshot.cpp
  Group3D.cpp
  Light.cpp
  Model3D.cpp
  SSAOFBO.cpp
  ShadowMap.cpp
  GUI.cpp
  InputManager.cpp
  Window.cpp
     Creando biblioteca D:\Github\ThermalPCArchaeologicalAnalysis\x64\Release\ThermalVoxelization.lib y objeto D:\Github\ThermalPCArchaeologicalAnalysis\x64\Release\ThermalVoxelization.exp
  Generando código
  21 of 8660 functions ( 0.2%) were compiled, the rest were copied from previous compilation.
    0 functions were new in current compilation
    64 functions had inline decision re-evaluated but remain unchanged
  Generación de código finalizada
  ThermalVoxelization.vcxproj -> D:\Github\ThermalPCArchaeologicalAnalysis\x64\Release\ThermalVoxelization.exe
